# JRE version: Java(TM) SE Runtime Environment (8.0_121-b13) (build 1.8.0_121-b13)
# Java VM: Java HotSpot(TM) 64-Bit Server VM (25.121-b13 mixed mode windows-amd64 compressed oops)
Heap:
 PSYoungGen      total 367616K, used 185567K [0x00000000e0000000, 0x00000000fea80000, 0x0000000100000000)
  eden space 231936K, 73% used [0x00000000e0000000,0x00000000ea571a48,0x00000000ee280000)
  from space 135680K, 11% used [0x00000000ee280000,0x00000000ef2462d8,0x00000000f6700000)
  to   space 130560K, 0% used [0x00000000f6b00000,0x00000000f6b00000,0x00000000fea80000)
 ParOldGen       total 1048576K, used 891568K [0x00000000a0000000, 0x00000000e0000000, 0x00000000e0000000)
  object space 1048576K, 85% used [0x00000000a0000000,0x00000000d66ac280,0x00000000e0000000)
 Metaspace       used 100036K, capacity 107296K, committed 107608K, reserved 1142784K
  class space    used 13042K, capacity 14371K, committed 14464K, reserved 1048576K
GC Heap History (10 events):
Event: 11778.246 GC heap before
{Heap before GC invocations=405 (full 30):
 PSYoungGen      total 363520K, used 233931K [0x00000000e0000000, 0x00000000ff980000, 0x0000000100000000)
  eden space 207360K, 99% used [0x00000000e0000000,0x00000000ec9ca3c8,0x00000000eca80000)
  from space 156160K, 17% used [0x00000000f5e80000,0x00000000f7928ac0,0x00000000ff700000)
  to   space 151552K, 0% used [0x00000000eca80000,0x00000000eca80000,0x00000000f5e80000)
 ParOldGen       total 1048576K, used 891544K [0x00000000a0000000, 0x00000000e0000000, 0x00000000e0000000)
  object space 1048576K, 85% used [0x00000000a0000000,0x00000000d66a6280,0x00000000e0000000)
 Metaspace       used 98237K, capacity 104452K, committed 105176K, reserved 1140736K
  class space    used 12683K, capacity 13808K, committed 14080K, reserved 1048576K
Event: 11778.349 GC heap after
Heap after GC invocations=405 (full 30):
 PSYoungGen      total 358912K, used 21688K [0x00000000e0000000, 0x00000000ff380000, 0x0000000100000000)
  eden space 207360K, 0% used [0x00000000e0000000,0x00000000e0000000,0x00000000eca80000)
  from space 151552K, 14% used [0x00000000eca80000,0x00000000edfae060,0x00000000f5e80000)
  to   space 147456K, 0% used [0x00000000f6380000,0x00000000f6380000,0x00000000ff380000)
 ParOldGen       total 1048576K, used 891552K [0x00000000a0000000, 0x00000000e0000000, 0x00000000e0000000)
  object space 1048576K, 85% used [0x00000000a0000000,0x00000000d66a8280,0x00000000e0000000)
 Metaspace       used 98237K, capacity 104452K, committed 105176K, reserved 1140736K
  class space    used 12683K, capacity 13808K, committed 14080K, reserved 1048576K
}
Event: 11778.605 GC heap before
{Heap before GC invocations=406 (full 30):
 PSYoungGen      total 358912K, used 228237K [0x00000000e0000000, 0x00000000ff380000, 0x0000000100000000)
  eden space 207360K, 99% used [0x00000000e0000000,0x00000000ec9b54e0,0x00000000eca80000)
  from space 151552K, 14% used [0x00000000eca80000,0x00000000edfae060,0x00000000f5e80000)
  to   space 147456K, 0% used [0x00000000f6380000,0x00000000f6380000,0x00000000ff380000)
 ParOldGen       total 1048576K, used 891552K [0x00000000a0000000, 0x00000000e0000000, 0x00000000e0000000)
  object space 1048576K, 85% used [0x00000000a0000000,0x00000000d66a8280,0x00000000e0000000)
 Metaspace       used 98237K, capacity 104452K, committed 105176K, reserved 1140736K
  class space    used 12683K, capacity 13808K, committed 14080K, reserved 1048576K
Event: 11778.703 GC heap after
Heap after GC invocations=406 (full 30):
 PSYoungGen      total 365056K, used 20086K [0x00000000e0000000, 0x00000000ff000000, 0x0000000100000000)
  eden space 221184K, 0% used [0x00000000e0000000,0x00000000e0000000,0x00000000ed800000)
  from space 143872K, 13% used [0x00000000f6380000,0x00000000f771da90,0x00000000ff000000)
  to   space 142848K, 0% used [0x00000000ed800000,0x00000000ed800000,0x00000000f6380000)
 ParOldGen       total 1048576K, used 891552K [0x00000000a0000000, 0x00000000e0000000, 0x00000000e0000000)
  object space 1048576K, 85% used [0x00000000a0000000,0x00000000d66a8280,0x00000000e0000000)
 Metaspace       used 98237K, capacity 104452K, committed 105176K, reserved 1140736K
  class space    used 12683K, capacity 13808K, committed 14080K, reserved 1048576K
}
Event: 13520.102 GC heap before
{Heap before GC invocations=407 (full 30):
 PSYoungGen      total 365056K, used 241270K [0x00000000e0000000, 0x00000000ff000000, 0x0000000100000000)
  eden space 221184K, 100% used [0x00000000e0000000,0x00000000ed800000,0x00000000ed800000)
  from space 143872K, 13% used [0x00000000f6380000,0x00000000f771da90,0x00000000ff000000)
  to   space 142848K, 0% used [0x00000000ed800000,0x00000000ed800000,0x00000000f6380000)
 ParOldGen       total 1048576K, used 891552K [0x00000000a0000000, 0x00000000e0000000, 0x00000000e0000000)
  object space 1048576K, 85% used [0x00000000a0000000,0x00000000d66a8280,0x00000000e0000000)
 Metaspace       used 98494K, capacity 104882K, committed 105176K, reserved 1140736K
  class space    used 12730K, capacity 13898K, committed 14080K, reserved 1048576K
Event: 13520.381 GC heap after
Heap after GC invocations=407 (full 30):
 PSYoungGen      total 364032K, used 10505K [0x00000000e0000000, 0x00000000ff700000, 0x0000000100000000)
  eden space 221184K, 0% used [0x00000000e0000000,0x00000000e0000000,0x00000000ed800000)
  from space 142848K, 7% used [0x00000000ed800000,0x00000000ee242400,0x00000000f6380000)
  to   space 140288K, 0% used [0x00000000f6e00000,0x00000000f6e00000,0x00000000ff700000)
 ParOldGen       total 1048576K, used 891560K [0x00000000a0000000, 0x00000000e0000000, 0x00000000e0000000)
  object space 1048576K, 85% used [0x00000000a0000000,0x00000000d66aa280,0x00000000e0000000)
 Metaspace       used 98494K, capacity 104882K, committed 105176K, reserved 1140736K
  class space    used 12730K, capacity 13898K, committed 14080K, reserved 1048576K
}
Event: 13529.433 GC heap before
{Heap before GC invocations=408 (full 30):
 PSYoungGen      total 364032K, used 231689K [0x00000000e0000000, 0x00000000ff700000, 0x0000000100000000)
  eden space 221184K, 100% used [0x00000000e0000000,0x00000000ed800000,0x00000000ed800000)
  from space 142848K, 7% used [0x00000000ed800000,0x00000000ee242400,0x00000000f6380000)
  to   space 140288K, 0% used [0x00000000f6e00000,0x00000000f6e00000,0x00000000ff700000)
 ParOldGen       total 1048576K, used 891560K [0x00000000a0000000, 0x00000000e0000000, 0x00000000e0000000)
  object space 1048576K, 85% used [0x00000000a0000000,0x00000000d66aa280,0x00000000e0000000)
 Metaspace       used 99758K, capacity 106700K, committed 106968K, reserved 1142784K
  class space    used 13000K, capacity 14315K, committed 14336K, reserved 1048576K
Event: 13529.519 GC heap after
Heap after GC invocations=408 (full 30):
 PSYoungGen      total 360448K, used 14728K [0x00000000e0000000, 0x00000000feb80000, 0x0000000100000000)
  eden space 231936K, 0% used [0x00000000e0000000,0x00000000e0000000,0x00000000ee280000)
  from space 128512K, 11% used [0x00000000f6e00000,0x00000000f7c620a8,0x00000000feb80000)
  to   space 135680K, 0% used [0x00000000ee280000,0x00000000ee280000,0x00000000f6700000)
 ParOldGen       total 1048576K, used 891568K [0x00000000a0000000, 0x00000000e0000000, 0x00000000e0000000)
  object space 1048576K, 85% used [0x00000000a0000000,0x00000000d66ac280,0x00000000e0000000)
 Metaspace       used 99758K, capacity 106700K, committed 106968K, reserved 1142784K
  class space    used 13000K, capacity 14315K, committed 14336K, reserved 1048576K
}
Event: 15006.714 GC heap before
{Heap before GC invocations=409 (full 30):
 PSYoungGen      total 360448K, used 246664K [0x00000000e0000000, 0x00000000feb80000, 0x0000000100000000)
  eden space 231936K, 100% used [0x00000000e0000000,0x00000000ee280000,0x00000000ee280000)
  from space 128512K, 11% used [0x00000000f6e00000,0x00000000f7c620a8,0x00000000feb80000)
  to   space 135680K, 0% used [0x00000000ee280000,0x00000000ee280000,0x00000000f6700000)
 ParOldGen       total 1048576K, used 891568K [0x00000000a0000000, 0x00000000e0000000, 0x00000000e0000000)
  object space 1048576K, 85% used [0x00000000a0000000,0x00000000d66ac280,0x00000000e0000000)
 Metaspace       used 99962K, capacity 107086K, committed 107352K, reserved 1142784K
  class space    used 13027K, capacity 14354K, committed 14464K, reserved 1048576K
Event: 15006.803 GC heap after
Heap after GC invocations=409 (full 30):
 PSYoungGen      total 367616K, used 16152K [0x00000000e0000000, 0x00000000fea80000, 0x0000000100000000)
  eden space 231936K, 0% used [0x00000000e0000000,0x00000000e0000000,0x00000000ee280000)
  from space 135680K, 11% used [0x00000000ee280000,0x00000000ef2462d8,0x00000000f6700000)
  to   space 130560K, 0% used [0x00000000f6b00000,0x00000000f6b00000,0x00000000fea80000)
 ParOldGen       total 1048576K, used 891568K [0x00000000a0000000, 0x00000000e0000000, 0x00000000e0000000)
  object space 1048576K, 85% used [0x00000000a0000000,0x00000000d66ac280,0x00000000e0000000)
 Metaspace       used 99962K, capacity 107086K, committed 107352K, reserved 1142784K
  class space    used 13027K, capacity 14354K, committed 14464K, reserved 1048576K
}

